{"/Users/francescofabrissin/Desktop/Road_Trip_Map/Road_Trip_Map-Backend/src/controllers/locationsControllers.js": {"path":"/Users/francescofabrissin/Desktop/Road_Trip_Map/Road_Trip_Map-Backend/src/controllers/locationsControllers.js","statementMap":{"0":{"start":{"line":1,"column":0},"end":{"line":1,"column":27}},"1":{"start":{"line":2,"column":14},"end":{"line":2,"column":76}},"2":{"start":{"line":3,"column":14},"end":{"line":3,"column":30}},"3":{"start":{"line":4,"column":17},"end":{"line":4,"column":46}},"4":{"start":{"line":5,"column":13},"end":{"line":5,"column":38}},"5":{"start":{"line":6,"column":20},"end":{"line":6,"column":51}},"6":{"start":{"line":8,"column":25},"end":{"line":29,"column":1}},"7":{"start":{"line":9,"column":2},"end":{"line":9,"column":72}},"8":{"start":{"line":11,"column":2},"end":{"line":28,"column":3}},"9":{"start":{"line":12,"column":23},"end":{"line":12,"column":33}},"10":{"start":{"line":16,"column":8},"end":{"line":22,"column":6}},"11":{"start":{"line":24,"column":4},"end":{"line":24,"column":39}},"12":{"start":{"line":26,"column":18},"end":{"line":26,"column":67}},"13":{"start":{"line":27,"column":4},"end":{"line":27,"column":16}},"14":{"start":{"line":31,"column":20},"end":{"line":68,"column":1}},"15":{"start":{"line":32,"column":2},"end":{"line":32,"column":66}},"16":{"start":{"line":34,"column":2},"end":{"line":67,"column":3}},"17":{"start":{"line":35,"column":23},"end":{"line":35,"column":33}},"18":{"start":{"line":36,"column":55},"end":{"line":36,"column":63}},"19":{"start":{"line":37,"column":42},"end":{"line":37,"column":45}},"20":{"start":{"line":39,"column":17},"end":{"line":39,"column":44}},"21":{"start":{"line":41,"column":24},"end":{"line":52,"column":5}},"22":{"start":{"line":54,"column":26},"end":{"line":54,"column":60}},"23":{"start":{"line":55,"column":4},"end":{"line":55,"column":59}},"24":{"start":{"line":57,"column":4},"end":{"line":57,"column":48}},"25":{"start":{"line":59,"column":4},"end":{"line":59,"column":47}},"26":{"start":{"line":61,"column":4},"end":{"line":61,"column":65}},"27":{"start":{"line":63,"column":4},"end":{"line":63,"column":58}},"28":{"start":{"line":65,"column":18},"end":{"line":65,"column":79}},"29":{"start":{"line":66,"column":4},"end":{"line":66,"column":16}},"30":{"start":{"line":70,"column":23},"end":{"line":101,"column":1}},"31":{"start":{"line":71,"column":2},"end":{"line":71,"column":69}},"32":{"start":{"line":72,"column":21},"end":{"line":72,"column":29}},"33":{"start":{"line":73,"column":25},"end":{"line":73,"column":35}},"34":{"start":{"line":75,"column":26},"end":{"line":75,"column":70}},"35":{"start":{"line":76,"column":2},"end":{"line":97,"column":3}},"36":{"start":{"line":77,"column":4},"end":{"line":81,"column":6}},"37":{"start":{"line":83,"column":4},"end":{"line":89,"column":6}},"38":{"start":{"line":91,"column":4},"end":{"line":93,"column":6}},"39":{"start":{"line":95,"column":4},"end":{"line":95,"column":64}},"40":{"start":{"line":96,"column":4},"end":{"line":96,"column":11}},"41":{"start":{"line":99,"column":16},"end":{"line":99,"column":72}},"42":{"start":{"line":100,"column":2},"end":{"line":100,"column":14}},"43":{"start":{"line":103,"column":0},"end":{"line":103,"column":67}}},"fnMap":{"0":{"name":"(anonymous_0)","decl":{"start":{"line":8,"column":25},"end":{"line":8,"column":26}},"loc":{"start":{"line":8,"column":51},"end":{"line":29,"column":1}},"line":8},"1":{"name":"(anonymous_1)","decl":{"start":{"line":31,"column":20},"end":{"line":31,"column":21}},"loc":{"start":{"line":31,"column":46},"end":{"line":68,"column":1}},"line":31},"2":{"name":"(anonymous_2)","decl":{"start":{"line":70,"column":23},"end":{"line":70,"column":24}},"loc":{"start":{"line":70,"column":49},"end":{"line":101,"column":1}},"line":70}},"branchMap":{"0":{"loc":{"start":{"line":46,"column":16},"end":{"line":46,"column":65}},"type":"cond-expr","locations":[{"start":{"line":46,"column":37},"end":{"line":46,"column":60}},{"start":{"line":46,"column":63},"end":{"line":46,"column":65}}],"line":46},"1":{"loc":{"start":{"line":76,"column":2},"end":{"line":97,"column":3}},"type":"if","locations":[{"start":{"line":76,"column":2},"end":{"line":97,"column":3}},{"start":{},"end":{}}],"line":76}},"s":{"0":1,"1":1,"2":1,"3":1,"4":1,"5":1,"6":1,"7":2,"8":2,"9":2,"10":2,"11":1,"12":1,"13":1,"14":1,"15":3,"16":3,"17":3,"18":3,"19":3,"20":3,"21":2,"22":0,"23":0,"24":0,"25":0,"26":0,"27":0,"28":3,"29":3,"30":1,"31":2,"32":2,"33":2,"34":2,"35":2,"36":1,"37":1,"38":1,"39":1,"40":1,"41":1,"42":1,"43":1},"f":{"0":2,"1":3,"2":2},"b":{"0":[0,0],"1":[1,1]},"_coverageSchema":"1a1c01bbd47fc00a2c39e90264f33305004495a9","hash":"ce12662972c6a8a026c1de4750c90ad872a6baed"}
,"/Users/francescofabrissin/Desktop/Road_Trip_Map/Road_Trip_Map-Backend/src/controllers/userControllers.js": {"path":"/Users/francescofabrissin/Desktop/Road_Trip_Map/Road_Trip_Map-Backend/src/controllers/userControllers.js","statementMap":{"0":{"start":{"line":1,"column":0},"end":{"line":1,"column":27}},"1":{"start":{"line":2,"column":14},"end":{"line":2,"column":30}},"2":{"start":{"line":3,"column":14},"end":{"line":3,"column":75}},"3":{"start":{"line":4,"column":15},"end":{"line":4,"column":32}},"4":{"start":{"line":5,"column":21},"end":{"line":5,"column":44}},"5":{"start":{"line":6,"column":13},"end":{"line":6,"column":38}},"6":{"start":{"line":7,"column":20},"end":{"line":7,"column":51}},"7":{"start":{"line":9,"column":18},"end":{"line":41,"column":1}},"8":{"start":{"line":10,"column":2},"end":{"line":10,"column":54}},"9":{"start":{"line":11,"column":30},"end":{"line":11,"column":38}},"10":{"start":{"line":13,"column":15},"end":{"line":13,"column":44}},"11":{"start":{"line":15,"column":2},"end":{"line":23,"column":3}},"12":{"start":{"line":16,"column":18},"end":{"line":20,"column":5}},"13":{"start":{"line":21,"column":4},"end":{"line":21,"column":16}},"14":{"start":{"line":22,"column":4},"end":{"line":22,"column":11}},"15":{"start":{"line":25,"column":19},"end":{"line":28,"column":3}},"16":{"start":{"line":30,"column":24},"end":{"line":30,"column":69}},"17":{"start":{"line":32,"column":2},"end":{"line":36,"column":3}},"18":{"start":{"line":33,"column":18},"end":{"line":33,"column":71}},"19":{"start":{"line":34,"column":4},"end":{"line":34,"column":16}},"20":{"start":{"line":35,"column":4},"end":{"line":35,"column":11}},"21":{"start":{"line":38,"column":16},"end":{"line":38,"column":67}},"22":{"start":{"line":40,"column":2},"end":{"line":40,"column":34}},"23":{"start":{"line":43,"column":21},"end":{"line":70,"column":1}},"24":{"start":{"line":44,"column":2},"end":{"line":69,"column":3}},"25":{"start":{"line":45,"column":42},"end":{"line":45,"column":50}},"26":{"start":{"line":47,"column":17},"end":{"line":47,"column":49}},"27":{"start":{"line":49,"column":4},"end":{"line":53,"column":5}},"28":{"start":{"line":50,"column":20},"end":{"line":50,"column":71}},"29":{"start":{"line":51,"column":6},"end":{"line":51,"column":18}},"30":{"start":{"line":52,"column":6},"end":{"line":52,"column":13}},"31":{"start":{"line":55,"column":30},"end":{"line":55,"column":61}},"32":{"start":{"line":57,"column":20},"end":{"line":61,"column":5}},"33":{"start":{"line":63,"column":4},"end":{"line":63,"column":31}},"34":{"start":{"line":65,"column":4},"end":{"line":65,"column":53}},"35":{"start":{"line":67,"column":18},"end":{"line":67,"column":68}},"36":{"start":{"line":68,"column":4},"end":{"line":68,"column":16}},"37":{"start":{"line":72,"column":0},"end":{"line":72,"column":45}}},"fnMap":{"0":{"name":"(anonymous_0)","decl":{"start":{"line":9,"column":18},"end":{"line":9,"column":19}},"loc":{"start":{"line":9,"column":44},"end":{"line":41,"column":1}},"line":9},"1":{"name":"(anonymous_1)","decl":{"start":{"line":43,"column":21},"end":{"line":43,"column":22}},"loc":{"start":{"line":43,"column":47},"end":{"line":70,"column":1}},"line":43}},"branchMap":{"0":{"loc":{"start":{"line":15,"column":2},"end":{"line":23,"column":3}},"type":"if","locations":[{"start":{"line":15,"column":2},"end":{"line":23,"column":3}},{"start":{},"end":{}}],"line":15},"1":{"loc":{"start":{"line":32,"column":2},"end":{"line":36,"column":3}},"type":"if","locations":[{"start":{"line":32,"column":2},"end":{"line":36,"column":3}},{"start":{},"end":{}}],"line":32},"2":{"loc":{"start":{"line":49,"column":4},"end":{"line":53,"column":5}},"type":"if","locations":[{"start":{"line":49,"column":4},"end":{"line":53,"column":5}},{"start":{},"end":{}}],"line":49}},"s":{"0":1,"1":1,"2":1,"3":1,"4":1,"5":1,"6":1,"7":1,"8":3,"9":3,"10":3,"11":3,"12":1,"13":1,"14":1,"15":2,"16":2,"17":2,"18":1,"19":1,"20":1,"21":1,"22":1,"23":1,"24":3,"25":3,"26":3,"27":3,"28":1,"29":1,"30":1,"31":2,"32":2,"33":2,"34":1,"35":1,"36":1,"37":1},"f":{"0":3,"1":3},"b":{"0":[1,2],"1":[1,1],"2":[1,2]},"_coverageSchema":"1a1c01bbd47fc00a2c39e90264f33305004495a9","hash":"dabe114e34e264d95861cd3b1f57d090a9f95e16"}
,"/Users/francescofabrissin/Desktop/Road_Trip_Map/Road_Trip_Map-Backend/src/mocks/locationsMock.js": {"path":"/Users/francescofabrissin/Desktop/Road_Trip_Map/Road_Trip_Map-Backend/src/mocks/locationsMock.js","statementMap":{"0":{"start":{"line":1,"column":22},"end":{"line":15,"column":1}},"1":{"start":{"line":17,"column":0},"end":{"line":17,"column":35}}},"fnMap":{},"branchMap":{},"s":{"0":1,"1":1},"f":{},"b":{},"_coverageSchema":"1a1c01bbd47fc00a2c39e90264f33305004495a9","hash":"b6c4183d04b5d4dc9c77a58c311cc166100c32f4"}
,"/Users/francescofabrissin/Desktop/Road_Trip_Map/Road_Trip_Map-Backend/src/mocks/usersMock.js": {"path":"/Users/francescofabrissin/Desktop/Road_Trip_Map/Road_Trip_Map-Backend/src/mocks/usersMock.js","statementMap":{"0":{"start":{"line":1,"column":22},"end":{"line":4,"column":1}},"1":{"start":{"line":6,"column":25},"end":{"line":10,"column":1}},"2":{"start":{"line":12,"column":0},"end":{"line":12,"column":53}}},"fnMap":{},"branchMap":{},"s":{"0":1,"1":1,"2":1},"f":{},"b":{},"_coverageSchema":"1a1c01bbd47fc00a2c39e90264f33305004495a9","hash":"a7d7144de222e18bb57b7a9a3f124e0a3d2fddda"}
,"/Users/francescofabrissin/Desktop/Road_Trip_Map/Road_Trip_Map-Backend/src/models/Location.js": {"path":"/Users/francescofabrissin/Desktop/Road_Trip_Map/Road_Trip_Map-Backend/src/models/Location.js","statementMap":{"0":{"start":{"line":1,"column":26},"end":{"line":1,"column":45}},"1":{"start":{"line":3,"column":23},"end":{"line":37,"column":2}},"2":{"start":{"line":39,"column":17},"end":{"line":39,"column":63}},"3":{"start":{"line":41,"column":0},"end":{"line":41,"column":26}}},"fnMap":{},"branchMap":{},"s":{"0":1,"1":1,"2":1,"3":1},"f":{},"b":{},"_coverageSchema":"1a1c01bbd47fc00a2c39e90264f33305004495a9","hash":"cfcd4b67ecc57efdd04a79ebb4d52571868ebbb0"}
,"/Users/francescofabrissin/Desktop/Road_Trip_Map/Road_Trip_Map-Backend/src/models/User.js": {"path":"/Users/francescofabrissin/Desktop/Road_Trip_Map/Road_Trip_Map-Backend/src/models/User.js","statementMap":{"0":{"start":{"line":1,"column":26},"end":{"line":1,"column":45}},"1":{"start":{"line":3,"column":19},"end":{"line":22,"column":2}},"2":{"start":{"line":24,"column":13},"end":{"line":24,"column":47}},"3":{"start":{"line":26,"column":0},"end":{"line":26,"column":22}}},"fnMap":{},"branchMap":{},"s":{"0":2,"1":2,"2":2,"3":2},"f":{},"b":{},"_coverageSchema":"1a1c01bbd47fc00a2c39e90264f33305004495a9","hash":"b1d1494d938dfafdc746bd37ff1703be3c9bc407"}
,"/Users/francescofabrissin/Desktop/Road_Trip_Map/Road_Trip_Map-Backend/src/utils/customError.js": {"path":"/Users/francescofabrissin/Desktop/Road_Trip_Map/Road_Trip_Map-Backend/src/utils/customError.js","statementMap":{"0":{"start":{"line":1,"column":20},"end":{"line":8,"column":1}},"1":{"start":{"line":2,"column":16},"end":{"line":2,"column":42}},"2":{"start":{"line":3,"column":2},"end":{"line":3,"column":32}},"3":{"start":{"line":4,"column":2},"end":{"line":4,"column":38}},"4":{"start":{"line":5,"column":2},"end":{"line":5,"column":42}},"5":{"start":{"line":7,"column":2},"end":{"line":7,"column":15}},"6":{"start":{"line":10,"column":0},"end":{"line":10,"column":29}}},"fnMap":{"0":{"name":"(anonymous_0)","decl":{"start":{"line":1,"column":20},"end":{"line":1,"column":21}},"loc":{"start":{"line":1,"column":73},"end":{"line":8,"column":1}},"line":1}},"branchMap":{"0":{"loc":{"start":{"line":1,"column":48},"end":{"line":1,"column":68}},"type":"default-arg","locations":[{"start":{"line":1,"column":66},"end":{"line":1,"column":68}}],"line":1}},"s":{"0":2,"1":9,"2":9,"3":9,"4":9,"5":9,"6":2},"f":{"0":9},"b":{"0":[0]},"_coverageSchema":"1a1c01bbd47fc00a2c39e90264f33305004495a9","hash":"52b9e5305f0ac045c5c0d1d194793d3501c62958"}
}
