TN:
SF:src/controllers/locationsControllers.js
FN:8,(anonymous_0)
FN:31,(anonymous_1)
FNF:2
FNH:2
FNDA:2,(anonymous_0)
FNDA:3,(anonymous_1)
DA:1,1
DA:2,1
DA:3,1
DA:4,1
DA:5,1
DA:6,1
DA:8,1
DA:9,2
DA:11,2
DA:12,2
DA:16,2
DA:24,1
DA:26,1
DA:27,1
DA:31,1
DA:32,3
DA:34,3
DA:35,3
DA:36,3
DA:37,3
DA:39,3
DA:41,2
DA:54,2
DA:55,2
DA:57,2
DA:59,2
DA:61,2
DA:63,2
DA:65,1
DA:66,1
DA:70,1
LF:31
LH:31
BRDA:46,0,0,1
BRDA:46,0,1,1
BRDA:46,1,0,2
BRDA:46,1,1,1
BRF:4
BRH:4
end_of_record
TN:
SF:src/controllers/userControllers.js
FN:9,(anonymous_0)
FN:43,(anonymous_1)
FNF:2
FNH:2
FNDA:3,(anonymous_0)
FNDA:3,(anonymous_1)
DA:1,1
DA:2,1
DA:3,1
DA:4,1
DA:5,1
DA:6,1
DA:7,1
DA:9,1
DA:10,3
DA:11,3
DA:13,3
DA:15,3
DA:16,1
DA:21,1
DA:22,1
DA:25,2
DA:30,2
DA:32,2
DA:33,1
DA:34,1
DA:35,1
DA:38,1
DA:40,1
DA:43,1
DA:44,3
DA:45,3
DA:47,3
DA:49,3
DA:50,1
DA:51,1
DA:52,1
DA:55,2
DA:57,2
DA:63,2
DA:65,1
DA:67,1
DA:68,1
DA:72,1
LF:38
LH:38
BRDA:15,0,0,1
BRDA:15,0,1,2
BRDA:32,1,0,1
BRDA:32,1,1,1
BRDA:49,2,0,1
BRDA:49,2,1,2
BRF:6
BRH:6
end_of_record
TN:
SF:src/mocks/locationsMock.js
FNF:0
FNH:0
DA:1,1
DA:17,1
LF:2
LH:2
BRF:0
BRH:0
end_of_record
TN:
SF:src/mocks/usersMock.js
FNF:0
FNH:0
DA:1,1
DA:6,1
DA:12,1
LF:3
LH:3
BRF:0
BRH:0
end_of_record
TN:
SF:src/models/Location.js
FNF:0
FNH:0
DA:1,1
DA:3,1
DA:39,1
DA:41,1
LF:4
LH:4
BRF:0
BRH:0
end_of_record
TN:
SF:src/models/User.js
FNF:0
FNH:0
DA:1,2
DA:3,2
DA:24,2
DA:26,2
LF:4
LH:4
BRF:0
BRH:0
end_of_record
TN:
SF:src/utils/customError.js
FN:1,(anonymous_0)
FNF:1
FNH:1
FNDA:6,(anonymous_0)
DA:1,2
DA:2,6
DA:3,6
DA:4,6
DA:5,6
DA:7,6
DA:10,2
LF:7
LH:7
BRDA:1,0,0,0
BRF:1
BRH:0
end_of_record
